{
  "stats": {
    "suites": 3,
    "tests": 9,
    "passes": 7,
    "pending": 0,
    "failures": 2,
    "start": "2021-05-23T17:31:49.191Z",
    "end": "2021-05-23T17:32:38.790Z",
    "duration": 34348,
    "testsRegistered": 9,
    "passPercent": 77.77777777777777,
    "pendingPercent": 0,
    "other": 0,
    "hasOther": false,
    "skipped": 0,
    "hasSkipped": false
  },
  "results": [
    {
      "uuid": "ac5cf2bd-ae8c-4a50-8b28-cda59e3baa59",
      "title": "",
      "fullFile": "cypress/integration/search.spec.ts",
      "file": "cypress/integration/search.spec.ts",
      "beforeHooks": [],
      "afterHooks": [],
      "tests": [],
      "suites": [
        {
          "uuid": "c64f4f5d-c7d1-4396-85eb-eac410b7ce9d",
          "title": "Search",
          "fullFile": "",
          "file": "",
          "beforeHooks": [],
          "afterHooks": [],
          "tests": [
            {
              "title": "Should navigate correctly",
              "fullTitle": "Search Should navigate correctly",
              "timedOut": null,
              "duration": 3843,
              "state": "passed",
              "speed": "slow",
              "pass": true,
              "fail": false,
              "pending": false,
              "context": null,
              "code": "cy.get('[data-cy=search-bar]')\n    .type('react')\n    .url()\n    .should('eq', 'http://localhost:4000/search?q=react');",
              "err": {},
              "uuid": "876385d1-7c50-477e-ad96-bb536a115bb8",
              "parentUUID": "c64f4f5d-c7d1-4396-85eb-eac410b7ce9d",
              "isHook": false,
              "skipped": false
            },
            {
              "title": "Should find a post by title",
              "fullTitle": "Search Should find a post by title",
              "timedOut": null,
              "duration": 3416,
              "state": "passed",
              "speed": "slow",
              "pass": true,
              "fail": false,
              "pending": false,
              "context": null,
              "code": "cy.get('[data-cy=search-bar]')\n    .type('tutorial')\n    .get('[data-cy=filter-title]')\n    .click()\n    .get('[data-cy=post]')\n    .should('be.visible');",
              "err": {},
              "uuid": "13671a45-29d6-4548-8f78-6faf460ef928",
              "parentUUID": "c64f4f5d-c7d1-4396-85eb-eac410b7ce9d",
              "isHook": false,
              "skipped": false
            },
            {
              "title": "Should find a post by category",
              "fullTitle": "Search Should find a post by category",
              "timedOut": null,
              "duration": 3257,
              "state": "passed",
              "speed": "slow",
              "pass": true,
              "fail": false,
              "pending": false,
              "context": null,
              "code": "cy.get('[data-cy=search-bar]')\n    .type('react')\n    .get('[data-cy=filter-category]')\n    .click()\n    .get('[data-cy=post]')\n    .should('be.visible');",
              "err": {},
              "uuid": "18968296-908c-49bb-9643-395b61879422",
              "parentUUID": "c64f4f5d-c7d1-4396-85eb-eac410b7ce9d",
              "isHook": false,
              "skipped": false
            },
            {
              "title": "Should find a post by author",
              "fullTitle": "Search Should find a post by author",
              "timedOut": null,
              "duration": 3227,
              "state": "passed",
              "speed": "slow",
              "pass": true,
              "fail": false,
              "pending": false,
              "context": null,
              "code": "cy.get('[data-cy=search-bar]')\n    .type('herbie')\n    .get('[data-cy=filter-author]')\n    .click()\n    .get('[data-cy=post]')\n    .should('be.visible');",
              "err": {},
              "uuid": "fb4fe5e1-caf0-4ca6-90fd-a2e8f93c872e",
              "parentUUID": "c64f4f5d-c7d1-4396-85eb-eac410b7ce9d",
              "isHook": false,
              "skipped": false
            },
            {
              "title": "Should match value",
              "fullTitle": "Search Should match value",
              "timedOut": null,
              "duration": 4175,
              "state": "passed",
              "speed": "slow",
              "pass": true,
              "fail": false,
              "pending": false,
              "context": null,
              "code": "cy.get('[data-cy=search-bar]')\n    .type('react')\n    .should('have.value', 'react')\n    .visit('/');",
              "err": {},
              "uuid": "7536db80-ac8b-4781-ad5d-8a4e0568dc4c",
              "parentUUID": "c64f4f5d-c7d1-4396-85eb-eac410b7ce9d",
              "isHook": false,
              "skipped": false
            }
          ],
          "suites": [],
          "passes": [
            "876385d1-7c50-477e-ad96-bb536a115bb8",
            "13671a45-29d6-4548-8f78-6faf460ef928",
            "18968296-908c-49bb-9643-395b61879422",
            "fb4fe5e1-caf0-4ca6-90fd-a2e8f93c872e",
            "7536db80-ac8b-4781-ad5d-8a4e0568dc4c"
          ],
          "failures": [],
          "pending": [],
          "skipped": [],
          "duration": 17918,
          "root": false,
          "rootEmpty": false,
          "_timeout": 2000
        }
      ],
      "passes": [],
      "failures": [],
      "pending": [],
      "skipped": [],
      "duration": 0,
      "root": true,
      "rootEmpty": true,
      "_timeout": 2000
    },
    {
      "uuid": "887875b5-ffb9-4d17-b7ab-f0b7b5b5a121",
      "title": "",
      "fullFile": "cypress/integration/usability.spec.ts",
      "file": "cypress/integration/usability.spec.ts",
      "beforeHooks": [],
      "afterHooks": [],
      "tests": [],
      "suites": [
        {
          "uuid": "0af477b2-94ab-4eca-8c57-6b773f8e165c",
          "title": "Usability",
          "fullFile": "",
          "file": "",
          "beforeHooks": [],
          "afterHooks": [],
          "tests": [
            {
              "title": "Should search for a post by user, then click the first one, then go to home",
              "fullTitle": "Usability Should search for a post by user, then click the first one, then go to home",
              "timedOut": null,
              "duration": 4774,
              "state": "passed",
              "speed": "slow",
              "pass": true,
              "fail": false,
              "pending": false,
              "context": null,
              "code": "cy\n    .get('[data-cy=search-bar]')\n    .type('next')\n    .url()\n    .should('eq', 'http://localhost:4000/search?q=next')\n    .get('[data-cy=filter-category]')\n    .click()\n    .url()\n    .should('eq', 'http://localhost:4000/search?q=next')\n    .get('[data-cy=post]')\n    .first()\n    .click()\n    .url()\n    .should('eq', 'http://localhost:4000/post/my-first-post')\n    .get('[data-cy=home]')\n    .click()\n    .url()\n    .should('eq', 'http://localhost:4000/');",
              "err": {},
              "uuid": "b3634090-e3c4-4ad0-9aa9-2a3255fb2414",
              "parentUUID": "0af477b2-94ab-4eca-8c57-6b773f8e165c",
              "isHook": false,
              "skipped": false
            },
            {
              "title": "Should look at the next category, then click the first one, then go to home",
              "fullTitle": "Usability Should look at the next category, then click the first one, then go to home",
              "timedOut": null,
              "duration": 4741,
              "state": "passed",
              "speed": "slow",
              "pass": true,
              "fail": false,
              "pending": false,
              "context": null,
              "code": "cy\n    .get('[data-cy=category-next]')\n    .type('next')\n    .url()\n    .should('eq', 'http://localhost:4000/category/next')\n    .get('[data-cy=post]')\n    .first()\n    .click()\n    .url()\n    .should('eq', 'http://localhost:4000/post/my-first-post')\n    .get('[data-cy=home]')\n    .click()\n    .url()\n    .should('eq', 'http://localhost:4000/');",
              "err": {},
              "uuid": "93b97ac8-a476-4838-8d07-245e3f69c8c9",
              "parentUUID": "0af477b2-94ab-4eca-8c57-6b773f8e165c",
              "isHook": false,
              "skipped": false
            }
          ],
          "suites": [],
          "passes": [
            "b3634090-e3c4-4ad0-9aa9-2a3255fb2414",
            "93b97ac8-a476-4838-8d07-245e3f69c8c9"
          ],
          "failures": [],
          "pending": [],
          "skipped": [],
          "duration": 9515,
          "root": false,
          "rootEmpty": false,
          "_timeout": 2000
        }
      ],
      "passes": [],
      "failures": [],
      "pending": [],
      "skipped": [],
      "duration": 0,
      "root": true,
      "rootEmpty": true,
      "_timeout": 2000
    },
    {
      "uuid": "5e31d852-5cb3-4615-9950-517fbf6cb80c",
      "title": "",
      "fullFile": "cypress/integration/accessibility.spec.ts",
      "file": "cypress/integration/accessibility.spec.ts",
      "beforeHooks": [],
      "afterHooks": [],
      "tests": [],
      "suites": [
        {
          "uuid": "372e5985-5696-4d84-80fd-b3027c3099c8",
          "title": "Accessibility",
          "fullFile": "",
          "file": "",
          "beforeHooks": [],
          "afterHooks": [],
          "tests": [
            {
              "title": "Tests the accessibility on search screen",
              "fullTitle": "Accessibility Tests the accessibility on search screen",
              "timedOut": null,
              "duration": 4184,
              "state": "failed",
              "speed": null,
              "pass": false,
              "fail": true,
              "pending": false,
              "context": null,
              "code": "cy.visit('/search?q=next')\n    .url()\n    .should('eq', 'http://localhost:4000/search?q=next')\n    .injectAxe();\ncy.checkA11y();",
              "err": {
                "message": "AssertionError: 3 accessibility violations were detected: expected 3 to equal 0",
                "estack": "AssertionError: 3 accessibility violations were detected: expected 3 to equal 0\n    at Context.eval (http://localhost:4000/__cypress/tests?p=cypress\\support\\index.js:278:20)",
                "diff": null
              },
              "uuid": "1edac27f-b373-43cc-b762-36f9216432a2",
              "parentUUID": "372e5985-5696-4d84-80fd-b3027c3099c8",
              "isHook": false,
              "skipped": false
            },
            {
              "title": "Tests the accessibility on post screen",
              "fullTitle": "Accessibility Tests the accessibility on post screen",
              "timedOut": null,
              "duration": 2731,
              "state": "failed",
              "speed": null,
              "pass": false,
              "fail": true,
              "pending": false,
              "context": null,
              "code": "cy.visit('/post/my-first-post')\n    .url()\n    .should('eq', 'http://localhost:4000/post/my-first-post')\n    .injectAxe();\ncy.checkA11y();",
              "err": {
                "message": "AssertionError: 3 accessibility violations were detected: expected 3 to equal 0",
                "estack": "AssertionError: 3 accessibility violations were detected: expected 3 to equal 0\n    at Context.eval (http://localhost:4000/__cypress/tests?p=cypress\\support\\index.js:278:20)",
                "diff": null
              },
              "uuid": "f9705250-3da6-4a68-8fc5-0ad60c2b86e8",
              "parentUUID": "372e5985-5696-4d84-80fd-b3027c3099c8",
              "isHook": false,
              "skipped": false
            }
          ],
          "suites": [],
          "passes": [],
          "failures": [
            "1edac27f-b373-43cc-b762-36f9216432a2",
            "f9705250-3da6-4a68-8fc5-0ad60c2b86e8"
          ],
          "pending": [],
          "skipped": [],
          "duration": 6915,
          "root": false,
          "rootEmpty": false,
          "_timeout": 2000
        }
      ],
      "passes": [],
      "failures": [],
      "pending": [],
      "skipped": [],
      "duration": 0,
      "root": true,
      "rootEmpty": true,
      "_timeout": 2000
    }
  ],
  "meta": {
    "mocha": {
      "version": "7.0.1"
    },
    "mochawesome": {
      "options": {
        "quiet": false,
        "reportFilename": "mochawesome",
        "saveHtml": false,
        "saveJson": true,
        "consoleReporter": "spec",
        "useInlineDiffs": false,
        "code": true
      },
      "version": "6.2.2"
    },
    "marge": {
      "options": {
        "charts": true,
        "overwrite": false,
        "html": false,
        "json": true,
        "reportDir": "cypress/report/mochawesome-report"
      },
      "version": "5.2.0"
    }
  }
}