{
  "stats": {
    "suites": 1,
    "tests": 2,
    "passes": 0,
    "pending": 0,
    "failures": 2,
    "start": "2021-05-23T17:31:49.191Z",
    "end": "2021-05-23T17:31:56.175Z",
    "duration": 6984,
    "testsRegistered": 2,
    "passPercent": 0,
    "pendingPercent": 0,
    "other": 0,
    "hasOther": false,
    "skipped": 0,
    "hasSkipped": false
  },
  "results": [
    {
      "uuid": "5e31d852-5cb3-4615-9950-517fbf6cb80c",
      "title": "",
      "fullFile": "cypress/integration/accessibility.spec.ts",
      "file": "cypress/integration/accessibility.spec.ts",
      "beforeHooks": [],
      "afterHooks": [],
      "tests": [],
      "suites": [
        {
          "uuid": "372e5985-5696-4d84-80fd-b3027c3099c8",
          "title": "Accessibility",
          "fullFile": "",
          "file": "",
          "beforeHooks": [],
          "afterHooks": [],
          "tests": [
            {
              "title": "Tests the accessibility on search screen",
              "fullTitle": "Accessibility Tests the accessibility on search screen",
              "timedOut": null,
              "duration": 4184,
              "state": "failed",
              "speed": null,
              "pass": false,
              "fail": true,
              "pending": false,
              "context": null,
              "code": "cy.visit('/search?q=next')\n    .url()\n    .should('eq', 'http://localhost:4000/search?q=next')\n    .injectAxe();\ncy.checkA11y();",
              "err": {
                "message": "AssertionError: 3 accessibility violations were detected: expected 3 to equal 0",
                "estack": "AssertionError: 3 accessibility violations were detected: expected 3 to equal 0\n    at Context.eval (http://localhost:4000/__cypress/tests?p=cypress\\support\\index.js:278:20)",
                "diff": null
              },
              "uuid": "1edac27f-b373-43cc-b762-36f9216432a2",
              "parentUUID": "372e5985-5696-4d84-80fd-b3027c3099c8",
              "isHook": false,
              "skipped": false
            },
            {
              "title": "Tests the accessibility on post screen",
              "fullTitle": "Accessibility Tests the accessibility on post screen",
              "timedOut": null,
              "duration": 2731,
              "state": "failed",
              "speed": null,
              "pass": false,
              "fail": true,
              "pending": false,
              "context": null,
              "code": "cy.visit('/post/my-first-post')\n    .url()\n    .should('eq', 'http://localhost:4000/post/my-first-post')\n    .injectAxe();\ncy.checkA11y();",
              "err": {
                "message": "AssertionError: 3 accessibility violations were detected: expected 3 to equal 0",
                "estack": "AssertionError: 3 accessibility violations were detected: expected 3 to equal 0\n    at Context.eval (http://localhost:4000/__cypress/tests?p=cypress\\support\\index.js:278:20)",
                "diff": null
              },
              "uuid": "f9705250-3da6-4a68-8fc5-0ad60c2b86e8",
              "parentUUID": "372e5985-5696-4d84-80fd-b3027c3099c8",
              "isHook": false,
              "skipped": false
            }
          ],
          "suites": [],
          "passes": [],
          "failures": [
            "1edac27f-b373-43cc-b762-36f9216432a2",
            "f9705250-3da6-4a68-8fc5-0ad60c2b86e8"
          ],
          "pending": [],
          "skipped": [],
          "duration": 6915,
          "root": false,
          "rootEmpty": false,
          "_timeout": 2000
        }
      ],
      "passes": [],
      "failures": [],
      "pending": [],
      "skipped": [],
      "duration": 0,
      "root": true,
      "rootEmpty": true,
      "_timeout": 2000
    }
  ],
  "meta": {
    "mocha": {
      "version": "7.0.1"
    },
    "mochawesome": {
      "options": {
        "quiet": false,
        "reportFilename": "mochawesome",
        "saveHtml": false,
        "saveJson": true,
        "consoleReporter": "spec",
        "useInlineDiffs": false,
        "code": true
      },
      "version": "6.2.2"
    },
    "marge": {
      "options": {
        "charts": true,
        "overwrite": false,
        "html": false,
        "json": true,
        "reportDir": "cypress/report/mochawesome-report"
      },
      "version": "5.2.0"
    }
  }
}