{
  "stats": {
    "suites": 1,
    "tests": 5,
    "passes": 5,
    "pending": 0,
    "failures": 0,
    "start": "2021-05-23T17:32:03.302Z",
    "end": "2021-05-23T17:32:21.298Z",
    "duration": 17996,
    "testsRegistered": 5,
    "passPercent": 100,
    "pendingPercent": 0,
    "other": 0,
    "hasOther": false,
    "skipped": 0,
    "hasSkipped": false
  },
  "results": [
    {
      "uuid": "ac5cf2bd-ae8c-4a50-8b28-cda59e3baa59",
      "title": "",
      "fullFile": "cypress/integration/search.spec.ts",
      "file": "cypress/integration/search.spec.ts",
      "beforeHooks": [],
      "afterHooks": [],
      "tests": [],
      "suites": [
        {
          "uuid": "c64f4f5d-c7d1-4396-85eb-eac410b7ce9d",
          "title": "Search",
          "fullFile": "",
          "file": "",
          "beforeHooks": [],
          "afterHooks": [],
          "tests": [
            {
              "title": "Should navigate correctly",
              "fullTitle": "Search Should navigate correctly",
              "timedOut": null,
              "duration": 3843,
              "state": "passed",
              "speed": "slow",
              "pass": true,
              "fail": false,
              "pending": false,
              "context": null,
              "code": "cy.get('[data-cy=search-bar]')\n    .type('react')\n    .url()\n    .should('eq', 'http://localhost:4000/search?q=react');",
              "err": {},
              "uuid": "876385d1-7c50-477e-ad96-bb536a115bb8",
              "parentUUID": "c64f4f5d-c7d1-4396-85eb-eac410b7ce9d",
              "isHook": false,
              "skipped": false
            },
            {
              "title": "Should find a post by title",
              "fullTitle": "Search Should find a post by title",
              "timedOut": null,
              "duration": 3416,
              "state": "passed",
              "speed": "slow",
              "pass": true,
              "fail": false,
              "pending": false,
              "context": null,
              "code": "cy.get('[data-cy=search-bar]')\n    .type('tutorial')\n    .get('[data-cy=filter-title]')\n    .click()\n    .get('[data-cy=post]')\n    .should('be.visible');",
              "err": {},
              "uuid": "13671a45-29d6-4548-8f78-6faf460ef928",
              "parentUUID": "c64f4f5d-c7d1-4396-85eb-eac410b7ce9d",
              "isHook": false,
              "skipped": false
            },
            {
              "title": "Should find a post by category",
              "fullTitle": "Search Should find a post by category",
              "timedOut": null,
              "duration": 3257,
              "state": "passed",
              "speed": "slow",
              "pass": true,
              "fail": false,
              "pending": false,
              "context": null,
              "code": "cy.get('[data-cy=search-bar]')\n    .type('react')\n    .get('[data-cy=filter-category]')\n    .click()\n    .get('[data-cy=post]')\n    .should('be.visible');",
              "err": {},
              "uuid": "18968296-908c-49bb-9643-395b61879422",
              "parentUUID": "c64f4f5d-c7d1-4396-85eb-eac410b7ce9d",
              "isHook": false,
              "skipped": false
            },
            {
              "title": "Should find a post by author",
              "fullTitle": "Search Should find a post by author",
              "timedOut": null,
              "duration": 3227,
              "state": "passed",
              "speed": "slow",
              "pass": true,
              "fail": false,
              "pending": false,
              "context": null,
              "code": "cy.get('[data-cy=search-bar]')\n    .type('herbie')\n    .get('[data-cy=filter-author]')\n    .click()\n    .get('[data-cy=post]')\n    .should('be.visible');",
              "err": {},
              "uuid": "fb4fe5e1-caf0-4ca6-90fd-a2e8f93c872e",
              "parentUUID": "c64f4f5d-c7d1-4396-85eb-eac410b7ce9d",
              "isHook": false,
              "skipped": false
            },
            {
              "title": "Should match value",
              "fullTitle": "Search Should match value",
              "timedOut": null,
              "duration": 4175,
              "state": "passed",
              "speed": "slow",
              "pass": true,
              "fail": false,
              "pending": false,
              "context": null,
              "code": "cy.get('[data-cy=search-bar]')\n    .type('react')\n    .should('have.value', 'react')\n    .visit('/');",
              "err": {},
              "uuid": "7536db80-ac8b-4781-ad5d-8a4e0568dc4c",
              "parentUUID": "c64f4f5d-c7d1-4396-85eb-eac410b7ce9d",
              "isHook": false,
              "skipped": false
            }
          ],
          "suites": [],
          "passes": [
            "876385d1-7c50-477e-ad96-bb536a115bb8",
            "13671a45-29d6-4548-8f78-6faf460ef928",
            "18968296-908c-49bb-9643-395b61879422",
            "fb4fe5e1-caf0-4ca6-90fd-a2e8f93c872e",
            "7536db80-ac8b-4781-ad5d-8a4e0568dc4c"
          ],
          "failures": [],
          "pending": [],
          "skipped": [],
          "duration": 17918,
          "root": false,
          "rootEmpty": false,
          "_timeout": 2000
        }
      ],
      "passes": [],
      "failures": [],
      "pending": [],
      "skipped": [],
      "duration": 0,
      "root": true,
      "rootEmpty": true,
      "_timeout": 2000
    }
  ],
  "meta": {
    "mocha": {
      "version": "7.0.1"
    },
    "mochawesome": {
      "options": {
        "quiet": false,
        "reportFilename": "mochawesome",
        "saveHtml": false,
        "saveJson": true,
        "consoleReporter": "spec",
        "useInlineDiffs": false,
        "code": true
      },
      "version": "6.2.2"
    },
    "marge": {
      "options": {
        "charts": true,
        "overwrite": false,
        "html": false,
        "json": true,
        "reportDir": "cypress/report/mochawesome-report"
      },
      "version": "5.2.0"
    }
  }
}