{
  "stats": {
    "suites": 1,
    "tests": 2,
    "passes": 2,
    "pending": 0,
    "failures": 0,
    "start": "2021-05-23T17:32:29.237Z",
    "end": "2021-05-23T17:32:38.790Z",
    "duration": 9553,
    "testsRegistered": 2,
    "passPercent": 100,
    "pendingPercent": 0,
    "other": 0,
    "hasOther": false,
    "skipped": 0,
    "hasSkipped": false
  },
  "results": [
    {
      "uuid": "887875b5-ffb9-4d17-b7ab-f0b7b5b5a121",
      "title": "",
      "fullFile": "cypress/integration/usability.spec.ts",
      "file": "cypress/integration/usability.spec.ts",
      "beforeHooks": [],
      "afterHooks": [],
      "tests": [],
      "suites": [
        {
          "uuid": "0af477b2-94ab-4eca-8c57-6b773f8e165c",
          "title": "Usability",
          "fullFile": "",
          "file": "",
          "beforeHooks": [],
          "afterHooks": [],
          "tests": [
            {
              "title": "Should search for a post by user, then click the first one, then go to home",
              "fullTitle": "Usability Should search for a post by user, then click the first one, then go to home",
              "timedOut": null,
              "duration": 4774,
              "state": "passed",
              "speed": "slow",
              "pass": true,
              "fail": false,
              "pending": false,
              "context": null,
              "code": "cy\n    .get('[data-cy=search-bar]')\n    .type('next')\n    .url()\n    .should('eq', 'http://localhost:4000/search?q=next')\n    .get('[data-cy=filter-category]')\n    .click()\n    .url()\n    .should('eq', 'http://localhost:4000/search?q=next')\n    .get('[data-cy=post]')\n    .first()\n    .click()\n    .url()\n    .should('eq', 'http://localhost:4000/post/my-first-post')\n    .get('[data-cy=home]')\n    .click()\n    .url()\n    .should('eq', 'http://localhost:4000/');",
              "err": {},
              "uuid": "b3634090-e3c4-4ad0-9aa9-2a3255fb2414",
              "parentUUID": "0af477b2-94ab-4eca-8c57-6b773f8e165c",
              "isHook": false,
              "skipped": false
            },
            {
              "title": "Should look at the next category, then click the first one, then go to home",
              "fullTitle": "Usability Should look at the next category, then click the first one, then go to home",
              "timedOut": null,
              "duration": 4741,
              "state": "passed",
              "speed": "slow",
              "pass": true,
              "fail": false,
              "pending": false,
              "context": null,
              "code": "cy\n    .get('[data-cy=category-next]')\n    .type('next')\n    .url()\n    .should('eq', 'http://localhost:4000/category/next')\n    .get('[data-cy=post]')\n    .first()\n    .click()\n    .url()\n    .should('eq', 'http://localhost:4000/post/my-first-post')\n    .get('[data-cy=home]')\n    .click()\n    .url()\n    .should('eq', 'http://localhost:4000/');",
              "err": {},
              "uuid": "93b97ac8-a476-4838-8d07-245e3f69c8c9",
              "parentUUID": "0af477b2-94ab-4eca-8c57-6b773f8e165c",
              "isHook": false,
              "skipped": false
            }
          ],
          "suites": [],
          "passes": [
            "b3634090-e3c4-4ad0-9aa9-2a3255fb2414",
            "93b97ac8-a476-4838-8d07-245e3f69c8c9"
          ],
          "failures": [],
          "pending": [],
          "skipped": [],
          "duration": 9515,
          "root": false,
          "rootEmpty": false,
          "_timeout": 2000
        }
      ],
      "passes": [],
      "failures": [],
      "pending": [],
      "skipped": [],
      "duration": 0,
      "root": true,
      "rootEmpty": true,
      "_timeout": 2000
    }
  ],
  "meta": {
    "mocha": {
      "version": "7.0.1"
    },
    "mochawesome": {
      "options": {
        "quiet": false,
        "reportFilename": "mochawesome",
        "saveHtml": false,
        "saveJson": true,
        "consoleReporter": "spec",
        "useInlineDiffs": false,
        "code": true
      },
      "version": "6.2.2"
    },
    "marge": {
      "options": {
        "charts": true,
        "overwrite": false,
        "html": false,
        "json": true,
        "reportDir": "cypress/report/mochawesome-report"
      },
      "version": "5.2.0"
    }
  }
}